Loading openmpi/4.1.6--nvhpc--23.11
  Loading requirement: nvhpc/23.11
jacobi_gpu.c:
"jacobi_gpu.c", line 155: warning: variable "end1" was declared but never referenced [declared_but_not_referenced]
  	size_t end1 = N+2, start2 = (N_loc+1) * (N+2);
  	       ^

Remark: individual warnings can be suppressed with "--diag_suppress <warning-name>"

"jacobi_gpu.c", line 155: warning: variable "start2" was declared but never referenced [declared_but_not_referenced]
  	size_t end1 = N+2, start2 = (N_loc+1) * (N+2);
  	                   ^

main:
     98, Recognized memory set idiom
    106, FMA (fused multiply-add) instruction(s) generated
    123, Generating enter data copyin(matrix[:total_length],matrix_new[:total_length])
    165, Generating update device(matrix[:total_length])
         Generating present(matrix_new[:total_length],matrix[:total_length])
         Generating implicit firstprivate(N_loc,N)
         Generating NVIDIA GPU code
        165, #pragma acc loop gang, vector(128) collapse(2) /* blockIdx.x threadIdx.x */
        166,   /* blockIdx.x threadIdx.x collapsed */
    191, Generating update self(matrix_new[:total_length])
    207, Generating exit data delete(matrix_new[:total_length])
         Generating exit data copyout(matrix[:total_length])
functions.c:
save_gnuplot:
     25, FMA (fused multiply-add) instruction(s) generated
     29, FMA (fused multiply-add) instruction(s) generated
matrix size = 10
number of iterations = 100
element for checking = Mat[7,4]

matrix[7,4] = 39.199574
